Unity Editor version:    2020.3.27f1 (e759542391ea)
Branch:                  2020.3/release
Build type:              Release
Batch mode:              YES
macOS version:           Version 12.6 (Build 21G115)
Darwin version:          21.6.0
Architecture:            x86_64
Running under Rosetta:   YES
Available memory:        8192 MB
Using pre-set license
Pro License: NO

COMMAND LINE ARGUMENTS:
/Applications/Unity/Hub/Editor/2020.3.27f1/Unity.app/Contents/MacOS/Unity
-adb2
-batchMode
-noUpm
-name
AssetImportWorker0
-projectPath
/Users/rachmadabdullah/MROBAS-11-inch/My project (1)
-logFile
Logs/AssetImportWorker0.log
-srvPort
58859
Successfully changed project path to: /Users/rachmadabdullah/MROBAS-11-inch/My project (1)
/Users/rachmadabdullah/MROBAS-11-inch/My project (1)
Using Asset Import Pipeline V2.
Refreshing native plugins compatible for Editor in 73.10 ms, found 3 plugins.
Preloading 1 native plugins for Editor in 6.23 ms.
Initialize engine version: 2020.3.27f1 (e759542391ea)
[Subsystems] Discovering subsystems at path /Applications/Unity/Hub/Editor/2020.3.27f1/Unity.app/Contents/Resources/UnitySubsystems
[Subsystems] Discovering subsystems at path /Users/rachmadabdullah/MROBAS-11-inch/My project (1)/Assets
GfxDevice: creating device client; threaded=0
2022-11-04 07:11:52.731 Unity[36803:2005140] (null) preferred device: Apple M1 (high power)
2022-11-04 07:11:52.731 Unity[36803:2005140] Metal devices available: 1
2022-11-04 07:11:52.731 Unity[36803:2005140] 0: Apple M1 (high power)
2022-11-04 07:11:52.731 Unity[36803:2005140] Using device Apple M1 (high power)
Initializing Metal device caps: Apple M1
Initialize mono
Mono path[0] = '/Applications/Unity/Hub/Editor/2020.3.27f1/Unity.app/Contents/Managed'
Mono path[1] = '/Applications/Unity/Hub/Editor/2020.3.27f1/Unity.app/Contents/MonoBleedingEdge/lib/mono/unityjit'
Mono config path = '/Applications/Unity/Hub/Editor/2020.3.27f1/Unity.app/Contents/MonoBleedingEdge/etc'
Using monoOptions --debugger-agent=transport=dt_socket,embedding=1,server=y,suspend=n,address=127.0.0.1:56803
Begin MonoManager ReloadAssembly
Registering precompiled unity dll's ...
Register platform support module: /Applications/Unity/Hub/Editor/2020.3.27f1/PlaybackEngines/WebGLSupport/UnityEditor.WebGL.Extensions.dll
Register platform support module: /Applications/Unity/Hub/Editor/2020.3.27f1/Unity.app/Contents/PlaybackEngines/MacStandaloneSupport/UnityEditor.OSXStandalone.Extensions.dll
Registered in 0.001419 seconds.
Native extension for OSXStandalone target not found
Native extension for WebGL target not found
Refreshing native plugins compatible for Editor in 54.40 ms, found 3 plugins.
Preloading 1 native plugins for Editor in 0.41 ms.
Mono: successfully reloaded assembly
- Completed reload, in  1.137 seconds
Domain Reload Profiling:
	ReloadAssembly (1137ms)
		BeginReloadAssembly (104ms)
			ExecutionOrderSort (0ms)
			DisableScriptedObjects (0ms)
			BackupInstance (0ms)
			ReleaseScriptingObjects (0ms)
			CreateAndSetChildDomain (3ms)
		EndReloadAssembly (917ms)
			LoadAssemblies (103ms)
			RebuildTransferFunctionScriptingTraits (0ms)
			SetupTypeCache (174ms)
			ReleaseScriptCaches (0ms)
			RebuildScriptCaches (38ms)
			SetupLoadedEditorAssemblies (460ms)
				LogAssemblyErrors (0ms)
				InitializePlatformSupportModulesInManaged (13ms)
				SetLoadedEditorAssemblies (0ms)
				RefreshPlugins (55ms)
				BeforeProcessingInitializeOnLoad (22ms)
				ProcessInitializeOnLoadAttributes (276ms)
				ProcessInitializeOnLoadMethodAttributes (93ms)
				AfterProcessingInitializeOnLoad (0ms)
				EditorAssembliesLoaded (1ms)
			ExecutionOrderSort2 (0ms)
			AwakeInstancesAfterBackupRestoration (0ms)
Platform modules already initialized, skipping
Registering precompiled user dll's ...
Registered in 0.008152 seconds.
Begin MonoManager ReloadAssembly
Native extension for OSXStandalone target not found
Native extension for WebGL target not found
Refreshing native plugins compatible for Editor in 54.76 ms, found 3 plugins.
Preloading 1 native plugins for Editor in 0.30 ms.
Mono: successfully reloaded assembly
- Completed reload, in  2.300 seconds
Domain Reload Profiling:
	ReloadAssembly (2303ms)
		BeginReloadAssembly (260ms)
			ExecutionOrderSort (0ms)
			DisableScriptedObjects (29ms)
			BackupInstance (0ms)
			ReleaseScriptingObjects (0ms)
			CreateAndSetChildDomain (37ms)
		EndReloadAssembly (1950ms)
			LoadAssemblies (195ms)
			RebuildTransferFunctionScriptingTraits (0ms)
			SetupTypeCache (373ms)
			ReleaseScriptCaches (1ms)
			RebuildScriptCaches (62ms)
			SetupLoadedEditorAssemblies (1023ms)
				LogAssemblyErrors (0ms)
				InitializePlatformSupportModulesInManaged (13ms)
				SetLoadedEditorAssemblies (1ms)
				RefreshPlugins (55ms)
				BeforeProcessingInitializeOnLoad (122ms)
				ProcessInitializeOnLoadAttributes (793ms)
				ProcessInitializeOnLoadMethodAttributes (38ms)
				AfterProcessingInitializeOnLoad (1ms)
				EditorAssembliesLoaded (0ms)
			ExecutionOrderSort2 (0ms)
			AwakeInstancesAfterBackupRestoration (31ms)
Platform modules already initialized, skipping
Validating Project structure ... 0.000705 seconds.
Shader import version has changed; will reimport all shaders...
Upgrading shader files ...0.000553 seconds.
Application.AssetDatabase Initial Script Refresh Start
RefreshInfo: InitialScriptRefreshV2(NoUpdateAssetOptions) scanfilter:  ... 1 filters
RefreshProfiler: Total: 0.000ms
Application.AssetDatabase Initial Script Refresh End
Application.AssetDatabase.Refresh Start
Application.AssetDatabase.Refresh End
RefreshInfo: StopAssetImportingV2(ForceSynchronousImport) scanfilter: 
RefreshProfiler: Total: 0.000ms
Launching external process: /Applications/Unity/Hub/Editor/2020.3.27f1/Unity.app/Contents/Tools/UnityShaderCompiler
Launched and connected shader compiler UnityShaderCompiler after 0.04 seconds
Initializing Unity extensions:
2022-11-04 07:11:57.688 Unity[36803:2005140] NSEventModifierFlagFunction specified to -setKeyEquivalentModifierMask: for item <NSMenuItem: 0x600003892ae0 Font Asset, ke='Command-F12'>, but is only supported for system-provided menu items; will not be used
2022-11-04 07:11:57.692 Unity[36803:2005140] NSEventModifierFlagFunction specified to -setKeyEquivalentModifierMask: for item <NSMenuItem: 0x6000038fcee0 Font Asset, ke='Command-F12'>, but is only supported for system-provided menu items; will not be used
========================================================================
Worker process is ready to serve import requests
Refreshing native plugins compatible for Editor in 0.73 ms, found 3 plugins.
Preloading 1 native plugins for Editor in 0.28 ms.
Unloading 2373 Unused Serialized files (Serialized files now loaded: 0)
System memory in use before: 224.8 MB.
System memory in use after: 224.6 MB.

Unloading 122 unused Assets to reduce memory usage. Loaded Objects now: 2840.
Total: 3.114458 ms (FindLiveObjects: 0.194917 ms CreateObjectMapping: 0.078542 ms MarkObjects: 2.587041 ms  DeleteObjects: 0.252083 ms)

AssetImportParameters requested are different than current active one (requested -> active):
  custom:video-decoder-ogg-theora: a1e56fd34408186e4bbccfd4996cb3dc -> 
  custom:container-muxer-webm: aa71ff27fc2769a1b78a27578f13a17b -> 
  custom:container-demuxer-webm: 4f35f7cbe854078d1ac9338744f61a02 -> 
  custom:container-demuxer-ogg: 62fdf1f143b41e24485cea50d1cbac27 -> 
  custom:video-encoder-webm-vp8: eb34c28f22e8b96e1ab97ce403110664 -> 
  custom:framework-osx-AVFoundation: e770b220cccbd017edd2c1fefb359320 -> 
  custom:video-decoder-webm-vp8: 9c59270c3fd7afecdb556c50c9e8de78 -> 
  custom:audio-decoder-ogg-vorbis: bf7c407c2cedff20999df2af8eb42d56 -> 
  custom:audio-encoder-webm-vorbis: bf7c407c2cedff20999df2af8eb42d56 -> 
========================================================================
Received Import Request.
  path: Assets/New Terrain.asset
  artifactKey: Guid(be1ac02d22f2348009c3db6e86f09e9c) Importer(815301076,1909f56bfc062723c751e8b465ee728b)
Start importing Assets/New Terrain.asset using Guid(be1ac02d22f2348009c3db6e86f09e9c) Importer(815301076,1909f56bfc062723c751e8b465ee728b)  -> (artifact id: '89f90f349ca5cea7c1bbe4c63baa7709') in 0.540612 seconds 
  Import took 0.547099 seconds .

========================================================================
Received Import Request.
  Time since last request: 14.607620 seconds.
  path: Assets/XR
  artifactKey: Guid(22baeac49dfd54025859cd02808b06f8) Importer(815301076,1909f56bfc062723c751e8b465ee728b)
Start importing Assets/XR using Guid(22baeac49dfd54025859cd02808b06f8) Importer(815301076,1909f56bfc062723c751e8b465ee728b)  -> (artifact id: '6696d22c4f5c9b1409d5dde786729e3f') in 0.000627 seconds 
  Import took 0.003055 seconds .

========================================================================
Received Import Request.
  Time since last request: 0.053944 seconds.
  path: Assets/XR/XRGeneralSettings.asset
  artifactKey: Guid(1a4c68ca72a83449f938d669337cb305) Importer(815301076,1909f56bfc062723c751e8b465ee728b)
Start importing Assets/XR/XRGeneralSettings.asset using Guid(1a4c68ca72a83449f938d669337cb305) Importer(815301076,1909f56bfc062723c751e8b465ee728b) Fallback handler could not load library /Applications/Unity/Hub/Editor/2020.3.27f1/Unity.app/Contents/Frameworks/Mono/lib/libUnityOpenXR
Fallback handler could not load library /Applications/Unity/Hub/Editor/2020.3.27f1/Unity.app/Contents/Frameworks/Mono/lib/libUnityOpenXR.dylib
Fallback handler could not load library /Applications/Unity/Hub/Editor/2020.3.27f1/Unity.app/Contents/Frameworks/Mono/lib/libUnityOpenXR.so
Fallback handler could not load library /Applications/Unity/Hub/Editor/2020.3.27f1/Unity.app/Contents/Frameworks/Mono/lib/libUnityOpenXR.bundle
Fallback handler could not load library /Applications/Unity/Hub/Editor/2020.3.27f1/Unity.app/Contents/Frameworks/Mono/lib/UnityOpenXR
Fallback handler could not load library /Applications/Unity/Hub/Editor/2020.3.27f1/Unity.app/Contents/Frameworks/Mono/lib/libUnityOpenXR
Fallback handler could not load library /Applications/Unity/Hub/Editor/2020.3.27f1/Unity.app/Contents/Frameworks/Mono/lib/libUnityOpenXR.dylib
Fallback handler could not load library /Applications/Unity/Hub/Editor/2020.3.27f1/Unity.app/Contents/Frameworks/Mono/lib/libUnityOpenXR.so
Fallback handler could not load library /Applications/Unity/Hub/Editor/2020.3.27f1/Unity.app/Contents/Frameworks/Mono/lib/libUnityOpenXR.bundle
Fallback handler could not load library /Applications/Unity/Hub/Editor/2020.3.27f1/Unity.app/Contents/Frameworks/Mono/lib/libUnityOpenXR
 -> (artifact id: 'a72c7da2c55b35bba4e3adca367fd98a') in 0.028351 seconds 
  Import took 0.031319 seconds .

========================================================================
Received Import Request.
  Time since last request: 720.328906 seconds.
  path: Assets/ExampleAssets/Materials/Controller.mat
  artifactKey: Guid(3d2e36aacd7dc084b96e0755f1af4137) Importer(815301076,1909f56bfc062723c751e8b465ee728b)
Start importing Assets/ExampleAssets/Materials/Controller.mat using Guid(3d2e36aacd7dc084b96e0755f1af4137) Importer(815301076,1909f56bfc062723c751e8b465ee728b)  -> (artifact id: 'dd843b91f75d94afebf148fd4cea9bd3') in 0.325943 seconds 
  Import took 0.343125 seconds .

========================================================================
Received Import Request.
  Time since last request: 0.000240 seconds.
  path: Assets/ExampleAssets/Materials/Grid.mat
  artifactKey: Guid(3f9336a53d1d2ea43895699cc52cb411) Importer(815301076,1909f56bfc062723c751e8b465ee728b)
Start importing Assets/ExampleAssets/Materials/Grid.mat using Guid(3f9336a53d1d2ea43895699cc52cb411) Importer(815301076,1909f56bfc062723c751e8b465ee728b)  -> (artifact id: 'e90cd5405dcb0e3276b4d8f6b284132a') in 0.028940 seconds 
  Import took 0.031629 seconds .

========================================================================
Received Import Request.
  Time since last request: 0.000224 seconds.
  path: Assets/ExampleAssets/Materials/Skybox Light.mat
  artifactKey: Guid(3a408e788dcbed6429c8d22a01b32a76) Importer(815301076,1909f56bfc062723c751e8b465ee728b)
Start importing Assets/ExampleAssets/Materials/Skybox Light.mat using Guid(3a408e788dcbed6429c8d22a01b32a76) Importer(815301076,1909f56bfc062723c751e8b465ee728b)  -> (artifact id: 'b010d591817387098af2086f37eb1948') in 0.022865 seconds 
  Import took 0.025283 seconds .

========================================================================
Received Import Request.
  Time since last request: 101.920007 seconds.
  path: Assets/ExampleAssets/Materials/tembok.mat
  artifactKey: Guid(76e5fbb9394884f74a5d73d264297571) Importer(815301076,1909f56bfc062723c751e8b465ee728b)
Start importing Assets/ExampleAssets/Materials/tembok.mat using Guid(76e5fbb9394884f74a5d73d264297571) Importer(815301076,1909f56bfc062723c751e8b465ee728b)  -> (artifact id: '6fa795e0d5981b7eb34461b9072366f1') in 0.025404 seconds 
  Import took 0.035923 seconds .

